<?xml version="1.0" encoding="UTF-8"?>
<testng-results ignored="6" total="16" passed="9" failed="1" skipped="0">
  <reporter-output>
  </reporter-output>
  <suite started-at="2022-07-20T17:37:55 IST" name="IVYHP" finished-at="2022-07-20T17:38:44 IST" duration-ms="49853">
    <groups>
    </groups>
    <test started-at="2022-07-20T17:37:55 IST" name="LogInFunctionalTest" finished-at="2022-07-20T17:38:33 IST" duration-ms="38106">
      <class name="testcases.ClientSelect">
        <test-method signature="Location()[pri:1, instance:testcases.ClientSelect@cb191ca]" started-at="2022-07-20T17:38:01 IST" name="Location" description="selection of Client Location" finished-at="2022-07-20T17:38:12 IST" duration-ms="11089" status="PASS">
          <reporter-output>
          </reporter-output>
        </test-method> <!-- Location -->
        <test-method is-config="true" signature="tearDownMethod(org.testng.ITestResult)[pri:0, instance:testcases.ClientSelect@cb191ca]" started-at="2022-07-20T17:38:12 IST" name="tearDownMethod" finished-at="2022-07-20T17:38:12 IST" duration-ms="1" status="PASS">
          <params>
            <param index="0">
              <value>
                <![CDATA[[TestResult name=Location status=SUCCESS method=ClientSelect.Location()[pri:1, instance:testcases.ClientSelect@cb191ca] output={null}]]]>
              </value>
            </param>
          </params>
          <reporter-output>
          </reporter-output>
        </test-method> <!-- tearDownMethod -->
        <test-method signature="Client_Selection()[pri:2, instance:testcases.ClientSelect@cb191ca]" started-at="2022-07-20T17:38:12 IST" name="Client_Selection" description="selection of Client " finished-at="2022-07-20T17:38:12 IST" duration-ms="148" status="PASS">
          <reporter-output>
          </reporter-output>
        </test-method> <!-- Client_Selection -->
        <test-method is-config="true" signature="tearDownMethod(org.testng.ITestResult)[pri:0, instance:testcases.ClientSelect@cb191ca]" started-at="2022-07-20T17:38:12 IST" name="tearDownMethod" finished-at="2022-07-20T17:38:12 IST" duration-ms="1" status="PASS">
          <params>
            <param index="0">
              <value>
                <![CDATA[[TestResult name=Client_Selection status=SUCCESS method=ClientSelect.Client_Selection()[pri:2, instance:testcases.ClientSelect@cb191ca] output={null}]]]>
              </value>
            </param>
          </params>
          <reporter-output>
          </reporter-output>
        </test-method> <!-- tearDownMethod -->
        <test-method signature="Client_Operation()[pri:3, instance:testcases.ClientSelect@cb191ca]" started-at="2022-07-20T17:38:12 IST" name="Client_Operation" description="selection of Operation " finished-at="2022-07-20T17:38:12 IST" duration-ms="103" status="PASS">
          <reporter-output>
          </reporter-output>
        </test-method> <!-- Client_Operation -->
        <test-method is-config="true" signature="tearDownMethod(org.testng.ITestResult)[pri:0, instance:testcases.ClientSelect@cb191ca]" started-at="2022-07-20T17:38:12 IST" name="tearDownMethod" finished-at="2022-07-20T17:38:12 IST" duration-ms="0" status="PASS">
          <params>
            <param index="0">
              <value>
                <![CDATA[[TestResult name=Client_Operation status=SUCCESS method=ClientSelect.Client_Operation()[pri:3, instance:testcases.ClientSelect@cb191ca] output={null}]]]>
              </value>
            </param>
          </params>
          <reporter-output>
          </reporter-output>
        </test-method> <!-- tearDownMethod -->
      </class> <!-- testcases.ClientSelect -->
      <class name="testcases.ScanUnit">
        <test-method signature="UnitScan()[pri:0, instance:testcases.ScanUnit@42f48531]" started-at="2022-07-20T17:38:12 IST" name="UnitScan" description="providing the BCN" finished-at="2022-07-20T17:38:25 IST" duration-ms="12245" status="PASS">
          <reporter-output>
          </reporter-output>
        </test-method> <!-- UnitScan -->
        <test-method is-config="true" signature="tearDownMethod(org.testng.ITestResult)[pri:0, instance:testcases.ScanUnit@42f48531]" started-at="2022-07-20T17:38:25 IST" name="tearDownMethod" finished-at="2022-07-20T17:38:25 IST" duration-ms="1" status="PASS">
          <params>
            <param index="0">
              <value>
                <![CDATA[[TestResult name=UnitScan status=SUCCESS method=ScanUnit.UnitScan()[pri:0, instance:testcases.ScanUnit@42f48531] output={null}]]]>
              </value>
            </param>
          </params>
          <reporter-output>
          </reporter-output>
        </test-method> <!-- tearDownMethod -->
      </class> <!-- testcases.ScanUnit -->
      <class name="testcases.IvyLogin">
        <test-method signature="LoginApp()[pri:0, instance:testcases.IvyLogin@183e8023]" started-at="2022-07-20T17:37:55 IST" name="LoginApp" description="Login to IvyTech Application" finished-at="2022-07-20T17:38:01 IST" duration-ms="6361" status="PASS">
          <reporter-output>
          </reporter-output>
        </test-method> <!-- LoginApp -->
        <test-method is-config="true" signature="tearDownMethod(org.testng.ITestResult)[pri:0, instance:testcases.IvyLogin@183e8023]" started-at="2022-07-20T17:38:01 IST" name="tearDownMethod" finished-at="2022-07-20T17:38:01 IST" duration-ms="3" status="PASS">
          <params>
            <param index="0">
              <value>
                <![CDATA[[TestResult name=LoginApp status=SUCCESS method=IvyLogin.LoginApp()[pri:0, instance:testcases.IvyLogin@183e8023] output={null}]]]>
              </value>
            </param>
          </params>
          <reporter-output>
          </reporter-output>
        </test-method> <!-- tearDownMethod -->
        <test-method is-config="true" signature="teardown()[pri:0, instance:testcases.IvyLogin@183e8023]" started-at="2022-07-20T17:38:33 IST" name="teardown" finished-at="2022-07-20T17:38:33 IST" duration-ms="0" status="PASS">
          <reporter-output>
          </reporter-output>
        </test-method> <!-- teardown -->
      </class> <!-- testcases.IvyLogin -->
      <class name="testcases.ScreenTitle">
        <test-method signature="screen_title()[pri:1, instance:testcases.ScreenTitle@a776e]" started-at="2022-07-20T17:38:25 IST" name="screen_title" description="Getting the screen Name" finished-at="2022-07-20T17:38:33 IST" duration-ms="8069" status="PASS">
          <reporter-output>
          </reporter-output>
        </test-method> <!-- screen_title -->
        <test-method is-config="true" signature="tearDownMethod(org.testng.ITestResult)[pri:0, instance:testcases.ScreenTitle@a776e]" started-at="2022-07-20T17:38:33 IST" name="tearDownMethod" finished-at="2022-07-20T17:38:33 IST" duration-ms="1" status="PASS">
          <params>
            <param index="0">
              <value>
                <![CDATA[[TestResult name=screen_title status=SUCCESS method=ScreenTitle.screen_title()[pri:1, instance:testcases.ScreenTitle@a776e] output={null}]]]>
              </value>
            </param>
          </params>
          <reporter-output>
          </reporter-output>
        </test-method> <!-- tearDownMethod -->
      </class> <!-- testcases.ScreenTitle -->
    </test> <!-- LogInFunctionalTest -->
    <test started-at="2022-07-20T17:38:33 IST" name="HPFunctionalTest" finished-at="2022-07-20T17:38:44 IST" duration-ms="11725">
      <class name="testcases.BurnIn">
        <test-method is-config="true" signature="setUP()[pri:0, instance:testcases.BurnIn@4cc6fa2a]" started-at="2022-07-20T17:37:22 IST" name="setUP" finished-at="2022-07-20T17:37:55 IST" duration-ms="32835" status="PASS">
          <reporter-output>
          </reporter-output>
        </test-method> <!-- setUP -->
        <test-method signature="BurnIn_Details()[pri:0, instance:testcases.BurnIn@4cc6fa2a]" started-at="2022-07-20T17:38:33 IST" name="BurnIn_Details" finished-at="2022-07-20T17:38:37 IST" duration-ms="4178" status="PASS">
          <reporter-output>
          </reporter-output>
        </test-method> <!-- BurnIn_Details -->
        <test-method is-config="true" signature="tearDownMethod(org.testng.ITestResult)[pri:0, instance:testcases.BurnIn@4cc6fa2a]" started-at="2022-07-20T17:38:37 IST" name="tearDownMethod" finished-at="2022-07-20T17:38:37 IST" duration-ms="1" status="PASS">
          <params>
            <param index="0">
              <value>
                <![CDATA[[TestResult name=BurnIn_Details status=SUCCESS method=BurnIn.BurnIn_Details()[pri:0, instance:testcases.BurnIn@4cc6fa2a] output={null}]]]>
              </value>
            </param>
          </params>
          <reporter-output>
          </reporter-output>
        </test-method> <!-- tearDownMethod -->
        <test-method signature="InitalAssessment()[pri:0, instance:testcases.BurnIn@4cc6fa2a]" started-at="2022-07-20T17:38:37 IST" name="InitalAssessment" finished-at="2022-07-20T17:38:40 IST" duration-ms="3096" status="PASS">
          <reporter-output>
          </reporter-output>
        </test-method> <!-- InitalAssessment -->
        <test-method signature="PrintLabel()[pri:0, instance:testcases.BurnIn@4cc6fa2a]" started-at="2022-07-20T17:38:40 IST" name="PrintLabel" finished-at="2022-07-20T17:38:41 IST" duration-ms="1076" status="FAIL">
          <exception class="org.openqa.selenium.ElementNotInteractableException">
            <message>
              <![CDATA[element not interactable
  (Session info: chrome=103.0.5060.114)
Build info: version: '4.1.1', revision: 'e8fcc2cecf'
System info: host: 'LAPTOP-2G1KRFRE', ip: '192.168.0.6', os.name: 'Windows 10', os.arch: 'amd64', os.version: '10.0', java.version: '17.0.1'
Driver info: org.openqa.selenium.chrome.ChromeDriver
Command: [e88fde97cd05b042844eeee7e68a7d12, clickElement {id=5fdf68fc-052b-4911-a7bd-26e8c6559340}]
Capabilities {acceptInsecureCerts: false, browserName: chrome, browserVersion: 103.0.5060.114, chrome: {chromedriverVersion: 103.0.5060.53 (a1711811edd7..., userDataDir: C:\Users\WALKIN~1\AppData\L...}, goog:chromeOptions: {debuggerAddress: localhost:63328}, javascriptEnabled: true, networkConnectionEnabled: false, pageLoadStrategy: normal, platform: WINDOWS, platformName: WINDOWS, proxy: Proxy(), se:cdp: ws://localhost:63328/devtoo..., se:cdpVersion: 103.0.5060.114, setWindowRect: true, strictFileInteractability: false, timeouts: {implicit: 0, pageLoad: 300000, script: 30000}, unhandledPromptBehavior: dismiss and notify, webauthn:extension:credBlob: true, webauthn:extension:largeBlob: true, webauthn:virtualAuthenticators: true}
Element: [[ChromeDriver: chrome on WINDOWS (e88fde97cd05b042844eeee7e68a7d12)] -> xpath: //*[@id="cdk-accordion-child-3"]/mat-action-row/app-button/div/button/span]
Session ID: e88fde97cd05b042844eeee7e68a7d12]]>
            </message>
            <full-stacktrace>
              <![CDATA[org.openqa.selenium.ElementNotInteractableException: element not interactable
  (Session info: chrome=103.0.5060.114)
Build info: version: '4.1.1', revision: 'e8fcc2cecf'
System info: host: 'LAPTOP-2G1KRFRE', ip: '192.168.0.6', os.name: 'Windows 10', os.arch: 'amd64', os.version: '10.0', java.version: '17.0.1'
Driver info: org.openqa.selenium.chrome.ChromeDriver
Command: [e88fde97cd05b042844eeee7e68a7d12, clickElement {id=5fdf68fc-052b-4911-a7bd-26e8c6559340}]
Capabilities {acceptInsecureCerts: false, browserName: chrome, browserVersion: 103.0.5060.114, chrome: {chromedriverVersion: 103.0.5060.53 (a1711811edd7..., userDataDir: C:\Users\WALKIN~1\AppData\L...}, goog:chromeOptions: {debuggerAddress: localhost:63328}, javascriptEnabled: true, networkConnectionEnabled: false, pageLoadStrategy: normal, platform: WINDOWS, platformName: WINDOWS, proxy: Proxy(), se:cdp: ws://localhost:63328/devtoo..., se:cdpVersion: 103.0.5060.114, setWindowRect: true, strictFileInteractability: false, timeouts: {implicit: 0, pageLoad: 300000, script: 30000}, unhandledPromptBehavior: dismiss and notify, webauthn:extension:credBlob: true, webauthn:extension:largeBlob: true, webauthn:virtualAuthenticators: true}
Element: [[ChromeDriver: chrome on WINDOWS (e88fde97cd05b042844eeee7e68a7d12)] -> xpath: //*[@id="cdk-accordion-child-3"]/mat-action-row/app-button/div/button/span]
Session ID: e88fde97cd05b042844eeee7e68a7d12
at java.base/jdk.internal.reflect.NativeConstructorAccessorImpl.newInstance0(Native Method)
at java.base/jdk.internal.reflect.NativeConstructorAccessorImpl.newInstance(NativeConstructorAccessorImpl.java:77)
at java.base/jdk.internal.reflect.DelegatingConstructorAccessorImpl.newInstance(DelegatingConstructorAccessorImpl.java:45)
at java.base/java.lang.reflect.Constructor.newInstanceWithCaller(Constructor.java:499)
at java.base/java.lang.reflect.Constructor.newInstance(Constructor.java:480)
at org.openqa.selenium.remote.codec.w3c.W3CHttpResponseCodec.createException(W3CHttpResponseCodec.java:200)
at org.openqa.selenium.remote.codec.w3c.W3CHttpResponseCodec.decode(W3CHttpResponseCodec.java:133)
at org.openqa.selenium.remote.codec.w3c.W3CHttpResponseCodec.decode(W3CHttpResponseCodec.java:53)
at org.openqa.selenium.remote.HttpCommandExecutor.execute(HttpCommandExecutor.java:184)
at org.openqa.selenium.remote.service.DriverCommandExecutor.invokeExecute(DriverCommandExecutor.java:167)
at org.openqa.selenium.remote.service.DriverCommandExecutor.execute(DriverCommandExecutor.java:142)
at org.openqa.selenium.remote.RemoteWebDriver.execute(RemoteWebDriver.java:543)
at org.openqa.selenium.remote.RemoteWebElement.execute(RemoteWebElement.java:251)
at org.openqa.selenium.remote.RemoteWebElement.click(RemoteWebElement.java:77)
at testcases.BurnIn.PrintLabel(BurnIn.java:42)
at java.base/jdk.internal.reflect.NativeMethodAccessorImpl.invoke0(Native Method)
at java.base/jdk.internal.reflect.NativeMethodAccessorImpl.invoke(NativeMethodAccessorImpl.java:77)
at java.base/jdk.internal.reflect.DelegatingMethodAccessorImpl.invoke(DelegatingMethodAccessorImpl.java:43)
at java.base/java.lang.reflect.Method.invoke(Method.java:568)
at org.testng.internal.MethodInvocationHelper.invokeMethod(MethodInvocationHelper.java:133)
at org.testng.internal.TestInvoker.invokeMethod(TestInvoker.java:598)
at org.testng.internal.TestInvoker.invokeTestMethod(TestInvoker.java:173)
at org.testng.internal.MethodRunner.runInSequence(MethodRunner.java:46)
at org.testng.internal.TestInvoker$MethodInvocationAgent.invoke(TestInvoker.java:824)
at org.testng.internal.TestInvoker.invokeTestMethods(TestInvoker.java:146)
at org.testng.internal.TestMethodWorker.invokeTestMethods(TestMethodWorker.java:146)
at org.testng.internal.TestMethodWorker.run(TestMethodWorker.java:128)
at java.base/java.util.ArrayList.forEach(ArrayList.java:1511)
at org.testng.TestRunner.privateRun(TestRunner.java:794)
at org.testng.TestRunner.run(TestRunner.java:596)
at org.testng.SuiteRunner.runTest(SuiteRunner.java:377)
at org.testng.SuiteRunner.runSequentially(SuiteRunner.java:371)
at org.testng.SuiteRunner.privateRun(SuiteRunner.java:332)
at org.testng.SuiteRunner.run(SuiteRunner.java:276)
at org.testng.SuiteRunnerWorker.runSuite(SuiteRunnerWorker.java:53)
at org.testng.SuiteRunnerWorker.run(SuiteRunnerWorker.java:96)
at org.testng.TestNG.runSuitesSequentially(TestNG.java:1212)
at org.testng.TestNG.runSuitesLocally(TestNG.java:1134)
at org.testng.TestNG.runSuites(TestNG.java:1063)
at org.testng.TestNG.run(TestNG.java:1031)
at org.testng.remote.AbstractRemoteTestNG.run(AbstractRemoteTestNG.java:115)
at org.testng.remote.RemoteTestNG.initAndRun(RemoteTestNG.java:251)
at org.testng.remote.RemoteTestNG.main(RemoteTestNG.java:77)
]]>
            </full-stacktrace>
          </exception> <!-- org.openqa.selenium.ElementNotInteractableException -->
          <reporter-output>
          </reporter-output>
        </test-method> <!-- PrintLabel -->
        <test-method is-config="true" signature="tearDownMethod(org.testng.ITestResult)[pri:0, instance:testcases.BurnIn@4cc6fa2a]" started-at="2022-07-20T17:38:40 IST" name="tearDownMethod" finished-at="2022-07-20T17:38:40 IST" duration-ms="0" status="PASS">
          <params>
            <param index="0">
              <value>
                <![CDATA[[TestResult name=InitalAssessment status=SUCCESS method=BurnIn.InitalAssessment()[pri:0, instance:testcases.BurnIn@4cc6fa2a] output={null}]]]>
              </value>
            </param>
          </params>
          <reporter-output>
          </reporter-output>
        </test-method> <!-- tearDownMethod -->
        <test-method is-config="true" signature="tearDownMethod(org.testng.ITestResult)[pri:0, instance:testcases.BurnIn@4cc6fa2a]" started-at="2022-07-20T17:38:41 IST" name="tearDownMethod" finished-at="2022-07-20T17:38:41 IST" duration-ms="180" status="PASS">
          <params>
            <param index="0">
              <value>
                <![CDATA[[TestResult name=PrintLabel status=FAILURE method=BurnIn.PrintLabel()[pri:0, instance:testcases.BurnIn@4cc6fa2a] output={null}]]]>
              </value>
            </param>
          </params>
          <reporter-output>
          </reporter-output>
        </test-method> <!-- tearDownMethod -->
        <test-method signature="Result_Code()[pri:0, instance:testcases.BurnIn@4cc6fa2a]" started-at="2022-07-20T17:38:41 IST" name="Result_Code" finished-at="2022-07-20T17:38:44 IST" duration-ms="3165" status="PASS">
          <reporter-output>
          </reporter-output>
        </test-method> <!-- Result_Code -->
        <test-method is-config="true" signature="tearDownMethod(org.testng.ITestResult)[pri:0, instance:testcases.BurnIn@4cc6fa2a]" started-at="2022-07-20T17:38:44 IST" name="tearDownMethod" finished-at="2022-07-20T17:38:44 IST" duration-ms="0" status="PASS">
          <params>
            <param index="0">
              <value>
                <![CDATA[[TestResult name=Result_Code status=SUCCESS method=BurnIn.Result_Code()[pri:0, instance:testcases.BurnIn@4cc6fa2a] output={null}]]]>
              </value>
            </param>
          </params>
          <reporter-output>
          </reporter-output>
        </test-method> <!-- tearDownMethod -->
        <test-method is-config="true" signature="teardown()[pri:0, instance:testcases.BurnIn@4cc6fa2a]" started-at="2022-07-20T17:38:44 IST" name="teardown" finished-at="2022-07-20T17:38:44 IST" duration-ms="0" status="PASS">
          <reporter-output>
          </reporter-output>
        </test-method> <!-- teardown -->
      </class> <!-- testcases.BurnIn -->
    </test> <!-- HPFunctionalTest -->
  </suite> <!-- IVYHP -->
</testng-results>
